# JRE version: OpenJDK Runtime Environment (8.0_152-b01) (build 1.8.0_152-release-1248-b01)
# Java VM: OpenJDK 64-Bit Server VM (25.152-b01 mixed mode bsd-amd64 compressed oops)
Heap:
 PSYoungGen      total 468992K, used 128K [0x00000007a0000000, 0x00000007c0000000, 0x00000007c0000000)
  eden space 418816K, 0% used [0x00000007a0000000,0x00000007a0000000,0x00000007b9900000)
  from space 50176K, 0% used [0x00000007b9900000,0x00000007b9920000,0x00000007bca00000)
  to   space 51200K, 0% used [0x00000007bce00000,0x00000007bce00000,0x00000007c0000000)
 ParOldGen       total 138752K, used 126253K [0x0000000760000000, 0x0000000768780000, 0x00000007a0000000)
  object space 138752K, 90% used [0x0000000760000000,0x0000000767b4b4c0,0x0000000768780000)
 Metaspace       used 83631K, capacity 86554K, committed 86808K, reserved 1124352K
  class space    used 10571K, capacity 11250K, committed 11304K, reserved 1048576K
GC Heap History (10 events):
Event: 11867.883 GC heap after
Heap after GC invocations=28 (full 3):
 PSYoungGen      total 464384K, used 39266K [0x00000007a0000000, 0x00000007c0000000, 0x00000007c0000000)
  eden space 424960K, 0% used [0x00000007a0000000,0x00000007a0000000,0x00000007b9f00000)
  from space 39424K, 99% used [0x00000007b9f00000,0x00000007bc558948,0x00000007bc580000)
  to   space 52736K, 0% used [0x00000007bcc80000,0x00000007bcc80000,0x00000007c0000000)
 ParOldGen       total 138752K, used 77019K [0x0000000760000000, 0x0000000768780000, 0x00000007a0000000)
  object space 138752K, 55% used [0x0000000760000000,0x0000000764b36e08,0x0000000768780000)
 Metaspace       used 83629K, capacity 86554K, committed 86808K, reserved 1124352K
  class space    used 10571K, capacity 11250K, committed 11304K, reserved 1048576K
}
Event: 11868.611 GC heap before
{Heap before GC invocations=29 (full 3):
 PSYoungGen      total 464384K, used 464226K [0x00000007a0000000, 0x00000007c0000000, 0x00000007c0000000)
  eden space 424960K, 100% used [0x00000007a0000000,0x00000007b9f00000,0x00000007b9f00000)
  from space 39424K, 99% used [0x00000007b9f00000,0x00000007bc558948,0x00000007bc580000)
  to   space 52736K, 0% used [0x00000007bcc80000,0x00000007bcc80000,0x00000007c0000000)
 ParOldGen       total 138752K, used 77019K [0x0000000760000000, 0x0000000768780000, 0x00000007a0000000)
  object space 138752K, 55% used [0x0000000760000000,0x0000000764b36e08,0x0000000768780000)
 Metaspace       used 83629K, capacity 86554K, committed 86808K, reserved 1124352K
  class space    used 10571K, capacity 11250K, committed 11304K, reserved 1048576K
Event: 11868.676 GC heap after
Heap after GC invocations=29 (full 3):
 PSYoungGen      total 471552K, used 29642K [0x00000007a0000000, 0x00000007c0000000, 0x00000007c0000000)
  eden space 418816K, 0% used [0x00000007a0000000,0x00000007a0000000,0x00000007b9900000)
  from space 52736K, 56% used [0x00000007bcc80000,0x00000007be972948,0x00000007c0000000)
  to   space 52736K, 0% used [0x00000007b9900000,0x00000007b9900000,0x00000007bcc80000)
 ParOldGen       total 138752K, used 91195K [0x0000000760000000, 0x0000000768780000, 0x00000007a0000000)
  object space 138752K, 65% used [0x0000000760000000,0x000000076590ee98,0x0000000768780000)
 Metaspace       used 83629K, capacity 86554K, committed 86808K, reserved 1124352K
  class space    used 10571K, capacity 11250K, committed 11304K, reserved 1048576K
}
Event: 11869.366 GC heap before
{Heap before GC invocations=30 (full 3):
 PSYoungGen      total 471552K, used 448458K [0x00000007a0000000, 0x00000007c0000000, 0x00000007c0000000)
  eden space 418816K, 100% used [0x00000007a0000000,0x00000007b9900000,0x00000007b9900000)
  from space 52736K, 56% used [0x00000007bcc80000,0x00000007be972948,0x00000007c0000000)
  to   space 52736K, 0% used [0x00000007b9900000,0x00000007b9900000,0x00000007bcc80000)
 ParOldGen       total 138752K, used 91195K [0x0000000760000000, 0x0000000768780000, 0x00000007a0000000)
  object space 138752K, 65% used [0x0000000760000000,0x000000076590ee98,0x0000000768780000)
 Metaspace       used 83629K, capacity 86554K, committed 86808K, reserved 1124352K
  class space    used 10571K, capacity 11250K, committed 11304K, reserved 1048576K
Event: 11869.411 GC heap after
Heap after GC invocations=30 (full 3):
 PSYoungGen      total 437760K, used 18669K [0x00000007a0000000, 0x00000007bfb00000, 0x00000007c0000000)
  eden space 418816K, 0% used [0x00000007a0000000,0x00000007a0000000,0x00000007b9900000)
  from space 18944K, 98% used [0x00000007b9900000,0x00000007bab3b6e8,0x00000007bab80000)
  to   space 50176K, 0% used [0x00000007bca00000,0x00000007bca00000,0x00000007bfb00000)
 ParOldGen       total 138752K, used 108971K [0x0000000760000000, 0x0000000768780000, 0x00000007a0000000)
  object space 138752K, 78% used [0x0000000760000000,0x0000000766a6af30,0x0000000768780000)
 Metaspace       used 83629K, capacity 86554K, committed 86808K, reserved 1124352K
  class space    used 10571K, capacity 11250K, committed 11304K, reserved 1048576K
}
Event: 11869.669 GC heap before
{Heap before GC invocations=31 (full 3):
 PSYoungGen      total 437760K, used 436526K [0x00000007a0000000, 0x00000007bfb00000, 0x00000007c0000000)
  eden space 418816K, 99% used [0x00000007a0000000,0x00000007b9810118,0x00000007b9900000)
  from space 18944K, 98% used [0x00000007b9900000,0x00000007bab3b6e8,0x00000007bab80000)
  to   space 50176K, 0% used [0x00000007bca00000,0x00000007bca00000,0x00000007bfb00000)
 ParOldGen       total 138752K, used 108971K [0x0000000760000000, 0x0000000768780000, 0x00000007a0000000)
  object space 138752K, 78% used [0x0000000760000000,0x0000000766a6af30,0x0000000768780000)
 Metaspace       used 83631K, capacity 86554K, committed 86808K, reserved 1124352K
  class space    used 10571K, capacity 11250K, committed 11304K, reserved 1048576K
Event: 11869.681 GC heap after
Heap after GC invocations=31 (full 3):
 PSYoungGen      total 468992K, used 7985K [0x00000007a0000000, 0x00000007c0000000, 0x00000007c0000000)
  eden space 418816K, 0% used [0x00000007a0000000,0x00000007a0000000,0x00000007b9900000)
  from space 50176K, 15% used [0x00000007bca00000,0x00000007bd1cc5c8,0x00000007bfb00000)
  to   space 50176K, 0% used [0x00000007b9900000,0x00000007b9900000,0x00000007bca00000)
 ParOldGen       total 138752K, used 118754K [0x0000000760000000, 0x0000000768780000, 0x00000007a0000000)
  object space 138752K, 85% used [0x0000000760000000,0x00000007673f8bb8,0x0000000768780000)
 Metaspace       used 83631K, capacity 86554K, committed 86808K, reserved 1124352K
  class space    used 10571K, capacity 11250K, committed 11304K, reserved 1048576K
}
Event: 11869.743 GC heap before
{Heap before GC invocations=32 (full 3):
 PSYoungGen      total 468992K, used 426761K [0x00000007a0000000, 0x00000007c0000000, 0x00000007c0000000)
  eden space 418816K, 99% used [0x00000007a0000000,0x00000007b98f61f8,0x00000007b9900000)
  from space 50176K, 15% used [0x00000007bca00000,0x00000007bd1cc5c8,0x00000007bfb00000)
  to   space 50176K, 0% used [0x00000007b9900000,0x00000007b9900000,0x00000007bca00000)
 ParOldGen       total 138752K, used 118754K [0x0000000760000000, 0x0000000768780000, 0x00000007a0000000)
  object space 138752K, 85% used [0x0000000760000000,0x00000007673f8bb8,0x0000000768780000)
 Metaspace       used 83631K, capacity 86554K, committed 86808K, reserved 1124352K
  class space    used 10571K, capacity 11250K, committed 11304K, reserved 1048576K
Event: 11869.748 GC heap after
Heap after GC invocations=32 (full 3):
 PSYoungGen      total 468992K, used 128K [0x00000007a0000000, 0x00000007c0000000, 0x00000007c0000000)
  eden space 418816K, 0% used [0x00000007a0000000,0x00000007a0000000,0x00000007b9900000)
  from space 50176K, 0% used [0x00000007b9900000,0x00000007b9920000,0x00000007bca00000)
  to   space 51200K, 0% used [0x00000007bce00000,0x00000007bce00000,0x00000007c0000000)
 ParOldGen       total 138752K, used 126253K [0x0000000760000000, 0x0000000768780000, 0x00000007a0000000)
  object space 138752K, 90% used [0x0000000760000000,0x0000000767b4b4c0,0x0000000768780000)
 Metaspace       used 83631K, capacity 86554K, committed 86808K, reserved 1124352K
  class space    used 10571K, capacity 11250K, committed 11304K, reserved 1048576K
}
Event: 11869.750 GC heap before
{Heap before GC invocations=33 (full 4):
 PSYoungGen      total 468992K, used 128K [0x00000007a0000000, 0x00000007c0000000, 0x00000007c0000000)
  eden space 418816K, 0% used [0x00000007a0000000,0x00000007a0000000,0x00000007b9900000)
  from space 50176K, 0% used [0x00000007b9900000,0x00000007b9920000,0x00000007bca00000)
  to   space 51200K, 0% used [0x00000007bce00000,0x00000007bce00000,0x00000007c0000000)
 ParOldGen       total 138752K, used 126253K [0x0000000760000000, 0x0000000768780000, 0x00000007a0000000)
  object space 138752K, 90% used [0x0000000760000000,0x0000000767b4b4c0,0x0000000768780000)
 Metaspace       used 83631K, capacity 86554K, committed 86808K, reserved 1124352K
  class space    used 10571K, capacity 11250K, committed 11304K, reserved 1048576K

